{"C:\\Users\\Ankita Soni\\Desktop\\NamasteReact.js\\src\\components\\ContactUs.js": {"path":"C:\\Users\\Ankita Soni\\Desktop\\NamasteReact.js\\src\\components\\ContactUs.js","statementMap":{"0":{"start":{"line":1,"column":18},"end":{"line":20,"column":1}},"1":{"start":{"line":2,"column":2},"end":{"line":19,"column":4}}},"fnMap":{"0":{"name":"(anonymous_0)","decl":{"start":{"line":1,"column":18},"end":{"line":1,"column":19}},"loc":{"start":{"line":1,"column":24},"end":{"line":20,"column":1}},"line":1}},"branchMap":{},"s":{"0":1,"1":6},"f":{"0":6},"b":{},"_coverageSchema":"1a1c01bbd47fc00a2c39e90264f33305004495a9","hash":"e8ef74c1300a23e978d8f79deb63598a28108832"}
,"C:\\Users\\Ankita Soni\\Desktop\\NamasteReact.js\\src\\components\\Header.js": {"path":"C:\\Users\\Ankita Soni\\Desktop\\NamasteReact.js\\src\\components\\Header.js","statementMap":{"0":{"start":{"line":10,"column":15},"end":{"line":67,"column":1}},"1":{"start":{"line":11,"column":32},"end":{"line":11,"column":51}},"2":{"start":{"line":13,"column":25},"end":{"line":13,"column":48}},"3":{"start":{"line":14,"column":2},"end":{"line":14,"column":22}},"4":{"start":{"line":15,"column":23},"end":{"line":15,"column":40}},"5":{"start":{"line":18,"column":20},"end":{"line":18,"column":59}},"6":{"start":{"line":18,"column":42},"end":{"line":18,"column":58}},"7":{"start":{"line":20,"column":2},"end":{"line":66,"column":4}},"8":{"start":{"line":56,"column":14},"end":{"line":58,"column":40}}},"fnMap":{"0":{"name":"(anonymous_0)","decl":{"start":{"line":10,"column":15},"end":{"line":10,"column":16}},"loc":{"start":{"line":10,"column":21},"end":{"line":67,"column":1}},"line":10},"1":{"name":"(anonymous_1)","decl":{"start":{"line":18,"column":32},"end":{"line":18,"column":33}},"loc":{"start":{"line":18,"column":42},"end":{"line":18,"column":58}},"line":18},"2":{"name":"(anonymous_2)","decl":{"start":{"line":55,"column":21},"end":{"line":55,"column":22}},"loc":{"start":{"line":55,"column":27},"end":{"line":59,"column":13}},"line":55}},"branchMap":{"0":{"loc":{"start":{"line":27,"column":32},"end":{"line":27,"column":71}},"type":"cond-expr","locations":[{"start":{"line":27,"column":47},"end":{"line":27,"column":57}},{"start":{"line":27,"column":60},"end":{"line":27,"column":71}}],"line":27},"1":{"loc":{"start":{"line":56,"column":14},"end":{"line":58,"column":39}},"type":"cond-expr","locations":[{"start":{"line":57,"column":18},"end":{"line":57,"column":40}},{"start":{"line":58,"column":18},"end":{"line":58,"column":39}}],"line":56}},"s":{"0":1,"1":1,"2":1,"3":1,"4":1,"5":1,"6":2,"7":1,"8":0},"f":{"0":1,"1":2,"2":0},"b":{"0":[1,0],"1":[0,0]},"_coverageSchema":"1a1c01bbd47fc00a2c39e90264f33305004495a9","hash":"d4d35ce1a66212a3edcc15d9c9f5f6101d0dc48c"}
,"C:\\Users\\Ankita Soni\\Desktop\\NamasteReact.js\\src\\components\\Sum.js": {"path":"C:\\Users\\Ankita Soni\\Desktop\\NamasteReact.js\\src\\components\\Sum.js","statementMap":{"0":{"start":{"line":1,"column":19},"end":{"line":3,"column":1}},"1":{"start":{"line":2,"column":4},"end":{"line":2,"column":16}}},"fnMap":{"0":{"name":"(anonymous_0)","decl":{"start":{"line":1,"column":19},"end":{"line":1,"column":20}},"loc":{"start":{"line":1,"column":26},"end":{"line":3,"column":1}},"line":1}},"branchMap":{},"s":{"0":1,"1":1},"f":{"0":1},"b":{},"_coverageSchema":"1a1c01bbd47fc00a2c39e90264f33305004495a9","hash":"8739f30d7a73bfa530430416eda542c42c60635e"}
,"C:\\Users\\Ankita Soni\\Desktop\\NamasteReact.js\\src\\components\\UserContext.js": {"path":"C:\\Users\\Ankita Soni\\Desktop\\NamasteReact.js\\src\\components\\UserContext.js","statementMap":{"0":{"start":{"line":3,"column":20},"end":{"line":5,"column":2}}},"fnMap":{},"branchMap":{},"s":{"0":1},"f":{},"b":{},"_coverageSchema":"1a1c01bbd47fc00a2c39e90264f33305004495a9","hash":"37e095c333d36b32d368884d97bc78d689ec445a"}
,"C:\\Users\\Ankita Soni\\Desktop\\NamasteReact.js\\utils\\appStore.js": {"path":"C:\\Users\\Ankita Soni\\Desktop\\NamasteReact.js\\utils\\appStore.js","statementMap":{"0":{"start":{"line":4,"column":17},"end":{"line":9,"column":2}}},"fnMap":{},"branchMap":{},"s":{"0":1},"f":{},"b":{},"_coverageSchema":"1a1c01bbd47fc00a2c39e90264f33305004495a9","hash":"28a7be7c6dfd73f884de2eea3f664a223ac08f2c"}
,"C:\\Users\\Ankita Soni\\Desktop\\NamasteReact.js\\utils\\cartSlice.js": {"path":"C:\\Users\\Ankita Soni\\Desktop\\NamasteReact.js\\utils\\cartSlice.js","statementMap":{"0":{"start":{"line":3,"column":18},"end":{"line":14,"column":2}},"1":{"start":{"line":9,"column":12},"end":{"line":9,"column":45}},"2":{"start":{"line":11,"column":29},"end":{"line":11,"column":47}},"3":{"start":{"line":12,"column":28},"end":{"line":12,"column":49}},"4":{"start":{"line":16,"column":46},"end":{"line":16,"column":63}}},"fnMap":{"0":{"name":"(anonymous_0)","decl":{"start":{"line":7,"column":16},"end":{"line":7,"column":17}},"loc":{"start":{"line":7,"column":32},"end":{"line":10,"column":9}},"line":7},"1":{"name":"(anonymous_1)","decl":{"start":{"line":11,"column":19},"end":{"line":11,"column":20}},"loc":{"start":{"line":11,"column":28},"end":{"line":11,"column":48}},"line":11},"2":{"name":"(anonymous_2)","decl":{"start":{"line":12,"column":18},"end":{"line":12,"column":19}},"loc":{"start":{"line":12,"column":27},"end":{"line":12,"column":50}},"line":12}},"branchMap":{},"s":{"0":1,"1":0,"2":0,"3":0,"4":1},"f":{"0":0,"1":0,"2":0},"b":{},"_coverageSchema":"1a1c01bbd47fc00a2c39e90264f33305004495a9","hash":"d149e320ab2f838bbe0855129fc997778252bc98"}
,"C:\\Users\\Ankita Soni\\Desktop\\NamasteReact.js\\utils\\constants.js": {"path":"C:\\Users\\Ankita Soni\\Desktop\\NamasteReact.js\\utils\\constants.js","statementMap":{"0":{"start":{"line":2,"column":2},"end":{"line":2,"column":148}},"1":{"start":{"line":4,"column":30},"end":{"line":4,"column":164}},"2":{"start":{"line":7,"column":4},"end":{"line":7,"column":126}},"3":{"start":{"line":10,"column":3},"end":{"line":10,"column":98}}},"fnMap":{},"branchMap":{},"s":{"0":1,"1":1,"2":1,"3":1},"f":{},"b":{},"_coverageSchema":"1a1c01bbd47fc00a2c39e90264f33305004495a9","hash":"8a123b0b2abc3aeaf5272e917627f7a6ba604ec5"}
,"C:\\Users\\Ankita Soni\\Desktop\\NamasteReact.js\\utils\\useOnlineStatus.js": {"path":"C:\\Users\\Ankita Soni\\Desktop\\NamasteReact.js\\utils\\useOnlineStatus.js","statementMap":{"0":{"start":{"line":3,"column":24},"end":{"line":14,"column":1}},"1":{"start":{"line":4,"column":42},"end":{"line":4,"column":56}},"2":{"start":{"line":5,"column":2},"end":{"line":12,"column":9}},"3":{"start":{"line":6,"column":4},"end":{"line":8,"column":7}},"4":{"start":{"line":7,"column":6},"end":{"line":7,"column":28}},"5":{"start":{"line":9,"column":4},"end":{"line":11,"column":7}},"6":{"start":{"line":10,"column":6},"end":{"line":10,"column":29}},"7":{"start":{"line":13,"column":2},"end":{"line":13,"column":22}}},"fnMap":{"0":{"name":"(anonymous_0)","decl":{"start":{"line":3,"column":24},"end":{"line":3,"column":25}},"loc":{"start":{"line":3,"column":30},"end":{"line":14,"column":1}},"line":3},"1":{"name":"(anonymous_1)","decl":{"start":{"line":5,"column":12},"end":{"line":5,"column":13}},"loc":{"start":{"line":5,"column":18},"end":{"line":12,"column":3}},"line":5},"2":{"name":"(anonymous_2)","decl":{"start":{"line":6,"column":38},"end":{"line":6,"column":39}},"loc":{"start":{"line":6,"column":44},"end":{"line":8,"column":5}},"line":6},"3":{"name":"(anonymous_3)","decl":{"start":{"line":9,"column":39},"end":{"line":9,"column":40}},"loc":{"start":{"line":9,"column":45},"end":{"line":11,"column":5}},"line":9}},"branchMap":{},"s":{"0":1,"1":1,"2":1,"3":1,"4":0,"5":1,"6":0,"7":1},"f":{"0":1,"1":1,"2":0,"3":0},"b":{},"_coverageSchema":"1a1c01bbd47fc00a2c39e90264f33305004495a9","hash":"5d30405bb8b5aa77367b19332608a33c5157b739"}
}
