{"C:\\Users\\Ankita Soni\\Desktop\\NamasteReact.js\\src\\components\\ContactUs.js": {"path":"C:\\Users\\Ankita Soni\\Desktop\\NamasteReact.js\\src\\components\\ContactUs.js","statementMap":{"0":{"start":{"line":1,"column":18},"end":{"line":20,"column":1}},"1":{"start":{"line":2,"column":2},"end":{"line":19,"column":4}}},"fnMap":{"0":{"name":"(anonymous_0)","decl":{"start":{"line":1,"column":18},"end":{"line":1,"column":19}},"loc":{"start":{"line":1,"column":24},"end":{"line":20,"column":1}},"line":1}},"branchMap":{},"s":{"0":1,"1":2},"f":{"0":2},"b":{},"_coverageSchema":"1a1c01bbd47fc00a2c39e90264f33305004495a9","hash":"e8ef74c1300a23e978d8f79deb63598a28108832"}
,"C:\\Users\\Ankita Soni\\Desktop\\NamasteReact.js\\src\\components\\Sum.js": {"path":"C:\\Users\\Ankita Soni\\Desktop\\NamasteReact.js\\src\\components\\Sum.js","statementMap":{"0":{"start":{"line":1,"column":19},"end":{"line":3,"column":1}},"1":{"start":{"line":2,"column":4},"end":{"line":2,"column":16}}},"fnMap":{"0":{"name":"(anonymous_0)","decl":{"start":{"line":1,"column":19},"end":{"line":1,"column":20}},"loc":{"start":{"line":1,"column":26},"end":{"line":3,"column":1}},"line":1}},"branchMap":{},"s":{"0":1,"1":1},"f":{"0":1},"b":{},"_coverageSchema":"1a1c01bbd47fc00a2c39e90264f33305004495a9","hash":"8739f30d7a73bfa530430416eda542c42c60635e"}
}
