TN:
SF:src\components\ContactUs.js
FN:1,(anonymous_0)
FNF:1
FNH:1
FNDA:6,(anonymous_0)
DA:1,1
DA:2,6
LF:2
LH:2
BRF:0
BRH:0
end_of_record
TN:
SF:src\components\Header.js
FN:10,(anonymous_0)
FN:18,(anonymous_1)
FN:55,(anonymous_2)
FNF:3
FNH:2
FNDA:1,(anonymous_0)
FNDA:2,(anonymous_1)
FNDA:0,(anonymous_2)
DA:10,1
DA:11,1
DA:13,1
DA:14,1
DA:15,1
DA:18,2
DA:20,1
DA:56,0
LF:8
LH:7
BRDA:27,0,0,1
BRDA:27,0,1,0
BRDA:56,1,0,0
BRDA:56,1,1,0
BRF:4
BRH:1
end_of_record
TN:
SF:src\components\Sum.js
FN:1,(anonymous_0)
FNF:1
FNH:1
FNDA:1,(anonymous_0)
DA:1,1
DA:2,1
LF:2
LH:2
BRF:0
BRH:0
end_of_record
TN:
SF:src\components\UserContext.js
FNF:0
FNH:0
DA:3,1
LF:1
LH:1
BRF:0
BRH:0
end_of_record
TN:
SF:utils\appStore.js
FNF:0
FNH:0
DA:4,1
LF:1
LH:1
BRF:0
BRH:0
end_of_record
TN:
SF:utils\cartSlice.js
FN:7,(anonymous_0)
FN:11,(anonymous_1)
FN:12,(anonymous_2)
FNF:3
FNH:0
FNDA:0,(anonymous_0)
FNDA:0,(anonymous_1)
FNDA:0,(anonymous_2)
DA:3,1
DA:9,0
DA:11,0
DA:12,0
DA:16,1
LF:5
LH:2
BRF:0
BRH:0
end_of_record
TN:
SF:utils\constants.js
FNF:0
FNH:0
DA:2,1
DA:4,1
DA:7,1
DA:10,1
LF:4
LH:4
BRF:0
BRH:0
end_of_record
TN:
SF:utils\useOnlineStatus.js
FN:3,(anonymous_0)
FN:5,(anonymous_1)
FN:6,(anonymous_2)
FN:9,(anonymous_3)
FNF:4
FNH:2
FNDA:1,(anonymous_0)
FNDA:1,(anonymous_1)
FNDA:0,(anonymous_2)
FNDA:0,(anonymous_3)
DA:3,1
DA:4,1
DA:5,1
DA:6,1
DA:7,0
DA:9,1
DA:10,0
DA:13,1
LF:8
LH:6
BRF:0
BRH:0
end_of_record
